<?xml version="1.0" encoding="utf-8"?>
<TestRun id="f65e5888-f8cb-42b6-87a8-ede8bd0bce37" name="@omarchy 2026-09-24 02:18:09" xmlns="http://microsoft.com/schemas/VisualStudio/TeamTest/2010">
  <Times creation="2026-09-24T02:18:09.7574799-03:00" queuing="2026-09-24T02:18:09.7574800-03:00" start="2026-09-24T02:18:08.8563751-03:00" finish="2026-09-24T02:18:09.7608488-03:00" />
  <TestSettings name="default" id="39130c91-bea3-4082-a3ba-ebf423ed9a38">
    <Deployment runDeploymentRoot="_omarchy_2026-09-24_02_18_09" />
  </TestSettings>
  <Results>
    <UnitTestResult executionId="15782365-eb61-4941-92ae-1e9bb181df49" testId="ce9d2cae-80ac-7577-6d63-65b2cfc35262" testName="FM-5: consecutive pages neither overlap nor skip" computerName="omarchy" duration="00:00:00.0121632" startTime="2026-09-24T02:18:09.6519427-03:00" endTime="2026-09-24T02:18:09.6641958-03:00" testType="13cdc9d9-ddb5-4fa4-a97d-d965ccfc6d4b" outcome="Failed" testListId="8c84fa94-04c1-424b-9868-57a2d4851a1d" relativeResultsDirectory="15782365-eb61-4941-92ae-1e9bb181df49">
      <Output>
        <ErrorInfo>
          <Message>Assert.Equal() Failure: Values differ
Expected: 7
Actual:   0</Message>
          <StackTrace>   at Specs.S0003.WalletReadsSpec.Pages_partition_the_set() in /tmp/skies-red-XDszD8/checkout/examples/sample-app/.specs/0003-wallet-reads/e2e/WalletReadsSpec.cs:line 71
   at Specs.S0003.WalletReadsSpec.Pages_partition_the_set() in /tmp/skies-red-XDszD8/checkout/examples/sample-app/.specs/0003-wallet-reads/e2e/WalletReadsSpec.cs:line 72
--- End of stack trace from previous location ---</StackTrace>
        </ErrorInfo>
      </Output>
    </UnitTestResult>
    <UnitTestResult executionId="9234600e-0017-4d5f-9597-9e0c12530211" testId="7de1929c-d6ed-aea6-fa9e-65cd9c86f859" testName="FM-3: a page carries its items and the count of the whole set" computerName="omarchy" duration="00:00:00.4064440" startTime="2026-09-24T02:18:09.1763239-03:00" endTime="2026-09-24T02:18:09.5913465-03:00" testType="13cdc9d9-ddb5-4fa4-a97d-d965ccfc6d4b" outcome="Failed" testListId="8c84fa94-04c1-424b-9868-57a2d4851a1d" relativeResultsDirectory="9234600e-0017-4d5f-9597-9e0c12530211">
      <Output>
        <ErrorInfo>
          <Message>Assert.Equal() Failure: Values differ
Expected: 2
Actual:   0</Message>
          <StackTrace>   at Specs.S0003.WalletReadsSpec.Page_carries_items_and_total() in /tmp/skies-red-XDszD8/checkout/examples/sample-app/.specs/0003-wallet-reads/e2e/WalletReadsSpec.cs:line 42
   at Specs.S0003.WalletReadsSpec.Page_carries_items_and_total() in /tmp/skies-red-XDszD8/checkout/examples/sample-app/.specs/0003-wallet-reads/e2e/WalletReadsSpec.cs:line 45
--- End of stack trace from previous location ---</StackTrace>
        </ErrorInfo>
      </Output>
    </UnitTestResult>
    <UnitTestResult executionId="272886a8-1666-448f-886d-3edfa151db29" testId="b7f02797-4f97-a4a6-e52a-c47bd922f3fe" testName="FM-2: a balance read for a missing wallet answers 404" computerName="omarchy" duration="00:00:00.0330993" startTime="2026-09-24T02:18:09.5991634-03:00" endTime="2026-09-24T02:18:09.6254967-03:00" testType="13cdc9d9-ddb5-4fa4-a97d-d965ccfc6d4b" outcome="Failed" testListId="8c84fa94-04c1-424b-9868-57a2d4851a1d" relativeResultsDirectory="272886a8-1666-448f-886d-3edfa151db29">
      <Output>
        <ErrorInfo>
          <Message>Assert.Equal() Failure: Values differ
Expected: NotFound
Actual:   OK</Message>
          <StackTrace>   at Specs.S0003.WalletReadsSpec.Missing_wallet_is_not_found() in /tmp/skies-red-XDszD8/checkout/examples/sample-app/.specs/0003-wallet-reads/e2e/WalletReadsSpec.cs:line 31
   at Specs.S0003.WalletReadsSpec.Missing_wallet_is_not_found() in /tmp/skies-red-XDszD8/checkout/examples/sample-app/.specs/0003-wallet-reads/e2e/WalletReadsSpec.cs:line 31
--- End of stack trace from previous location ---</StackTrace>
        </ErrorInfo>
      </Output>
    </UnitTestResult>
    <UnitTestResult executionId="15e35a5c-6f8c-48ba-84c5-b6769ffd3c3d" testId="69a0ef7f-8e1b-f74c-dc04-e15c39a6b1a5" testName="FM-1: the balance read returns the stored balance" computerName="omarchy" duration="00:00:00.0147482" startTime="2026-09-24T02:18:09.6262520-03:00" endTime="2026-09-24T02:18:09.6405506-03:00" testType="13cdc9d9-ddb5-4fa4-a97d-d965ccfc6d4b" outcome="Failed" testListId="8c84fa94-04c1-424b-9868-57a2d4851a1d" relativeResultsDirectory="15e35a5c-6f8c-48ba-84c5-b6769ffd3c3d">
      <Output>
        <ErrorInfo>
          <Message>Assert.Equal() Failure: Values differ
Expected: 42
Actual:   0</Message>
          <StackTrace>   at Specs.S0003.WalletReadsSpec.Balance_reflects_the_store() in /tmp/skies-red-XDszD8/checkout/examples/sample-app/.specs/0003-wallet-reads/e2e/WalletReadsSpec.cs:line 21
   at Specs.S0003.WalletReadsSpec.Balance_reflects_the_store() in /tmp/skies-red-XDszD8/checkout/examples/sample-app/.specs/0003-wallet-reads/e2e/WalletReadsSpec.cs:line 21
--- End of stack trace from previous location ---</StackTrace>
        </ErrorInfo>
      </Output>
    </UnitTestResult>
    <UnitTestResult executionId="a23837d8-6fc9-4073-9895-0f97b1eb7e2f" testId="1d64df9c-9bca-97b1-5588-6cfd9667c3d6" testName="FM-4: hostile paging input is clamped server-side" computerName="omarchy" duration="00:00:00.0106202" startTime="2026-09-24T02:18:09.6408411-03:00" endTime="2026-09-24T02:18:09.6515656-03:00" testType="13cdc9d9-ddb5-4fa4-a97d-d965ccfc6d4b" outcome="Failed" testListId="8c84fa94-04c1-424b-9868-57a2d4851a1d" relativeResultsDirectory="a23837d8-6fc9-4073-9895-0f97b1eb7e2f">
      <Output>
        <ErrorInfo>
          <Message>Assert.Equal() Failure: Values differ
Expected: 1
Actual:   -2</Message>
          <StackTrace>   at Specs.S0003.WalletReadsSpec.Hostile_paging_is_clamped() in /tmp/skies-red-XDszD8/checkout/examples/sample-app/.specs/0003-wallet-reads/e2e/WalletReadsSpec.cs:line 56
   at Specs.S0003.WalletReadsSpec.Hostile_paging_is_clamped() in /tmp/skies-red-XDszD8/checkout/examples/sample-app/.specs/0003-wallet-reads/e2e/WalletReadsSpec.cs:line 58
--- End of stack trace from previous location ---</StackTrace>
        </ErrorInfo>
      </Output>
    </UnitTestResult>
  </Results>
  <TestDefinitions>
    <UnitTest name="FM-5: consecutive pages neither overlap nor skip" storage="/tmp/skies-red-xdszd8/checkout/examples/sample-app/backend/sample.tests/bin/debug/net10.0/sample.tests.dll" id="ce9d2cae-80ac-7577-6d63-65b2cfc35262">
      <Execution id="15782365-eb61-4941-92ae-1e9bb181df49" />
      <TestMethod codeBase="/tmp/skies-red-XDszD8/checkout/examples/sample-app/backend/Sample.Tests/bin/Debug/net10.0/Sample.Tests.dll" adapterTypeName="executor://xunit/VsTestRunner3/netcore/" className="Specs.S0003.WalletReadsSpec" name="Pages_partition_the_set" />
    </UnitTest>
    <UnitTest name="FM-1: the balance read returns the stored balance" storage="/tmp/skies-red-xdszd8/checkout/examples/sample-app/backend/sample.tests/bin/debug/net10.0/sample.tests.dll" id="69a0ef7f-8e1b-f74c-dc04-e15c39a6b1a5">
      <Execution id="15e35a5c-6f8c-48ba-84c5-b6769ffd3c3d" />
      <TestMethod codeBase="/tmp/skies-red-XDszD8/checkout/examples/sample-app/backend/Sample.Tests/bin/Debug/net10.0/Sample.Tests.dll" adapterTypeName="executor://xunit/VsTestRunner3/netcore/" className="Specs.S0003.WalletReadsSpec" name="Balance_reflects_the_store" />
    </UnitTest>
    <UnitTest name="FM-4: hostile paging input is clamped server-side" storage="/tmp/skies-red-xdszd8/checkout/examples/sample-app/backend/sample.tests/bin/debug/net10.0/sample.tests.dll" id="1d64df9c-9bca-97b1-5588-6cfd9667c3d6">
      <Execution id="a23837d8-6fc9-4073-9895-0f97b1eb7e2f" />
      <TestMethod codeBase="/tmp/skies-red-XDszD8/checkout/examples/sample-app/backend/Sample.Tests/bin/Debug/net10.0/Sample.Tests.dll" adapterTypeName="executor://xunit/VsTestRunner3/netcore/" className="Specs.S0003.WalletReadsSpec" name="Hostile_paging_is_clamped" />
    </UnitTest>
    <UnitTest name="FM-3: a page carries its items and the count of the whole set" storage="/tmp/skies-red-xdszd8/checkout/examples/sample-app/backend/sample.tests/bin/debug/net10.0/sample.tests.dll" id="7de1929c-d6ed-aea6-fa9e-65cd9c86f859">
      <Execution id="9234600e-0017-4d5f-9597-9e0c12530211" />
      <TestMethod codeBase="/tmp/skies-red-XDszD8/checkout/examples/sample-app/backend/Sample.Tests/bin/Debug/net10.0/Sample.Tests.dll" adapterTypeName="executor://xunit/VsTestRunner3/netcore/" className="Specs.S0003.WalletReadsSpec" name="Page_carries_items_and_total" />
    </UnitTest>
    <UnitTest name="FM-2: a balance read for a missing wallet answers 404" storage="/tmp/skies-red-xdszd8/checkout/examples/sample-app/backend/sample.tests/bin/debug/net10.0/sample.tests.dll" id="b7f02797-4f97-a4a6-e52a-c47bd922f3fe">
      <Execution id="272886a8-1666-448f-886d-3edfa151db29" />
      <TestMethod codeBase="/tmp/skies-red-XDszD8/checkout/examples/sample-app/backend/Sample.Tests/bin/Debug/net10.0/Sample.Tests.dll" adapterTypeName="executor://xunit/VsTestRunner3/netcore/" className="Specs.S0003.WalletReadsSpec" name="Missing_wallet_is_not_found" />
    </UnitTest>
  </TestDefinitions>
  <TestEntries>
    <TestEntry testId="ce9d2cae-80ac-7577-6d63-65b2cfc35262" executionId="15782365-eb61-4941-92ae-1e9bb181df49" testListId="8c84fa94-04c1-424b-9868-57a2d4851a1d" />
    <TestEntry testId="7de1929c-d6ed-aea6-fa9e-65cd9c86f859" executionId="9234600e-0017-4d5f-9597-9e0c12530211" testListId="8c84fa94-04c1-424b-9868-57a2d4851a1d" />
    <TestEntry testId="b7f02797-4f97-a4a6-e52a-c47bd922f3fe" executionId="272886a8-1666-448f-886d-3edfa151db29" testListId="8c84fa94-04c1-424b-9868-57a2d4851a1d" />
    <TestEntry testId="69a0ef7f-8e1b-f74c-dc04-e15c39a6b1a5" executionId="15e35a5c-6f8c-48ba-84c5-b6769ffd3c3d" testListId="8c84fa94-04c1-424b-9868-57a2d4851a1d" />
    <TestEntry testId="1d64df9c-9bca-97b1-5588-6cfd9667c3d6" executionId="a23837d8-6fc9-4073-9895-0f97b1eb7e2f" testListId="8c84fa94-04c1-424b-9868-57a2d4851a1d" />
  </TestEntries>
  <TestLists>
    <TestList name="Results Not in a List" id="8c84fa94-04c1-424b-9868-57a2d4851a1d" />
    <TestList name="All Loaded Results" id="19431567-8539-422a-85d7-44ee4e166bda" />
  </TestLists>
  <ResultSummary outcome="Failed">
    <Counters total="5" executed="5" passed="0" failed="5" error="0" timeout="0" aborted="0" inconclusive="0" passedButRunAborted="0" notRunnable="0" notExecuted="0" disconnected="0" warning="0" completed="0" inProgress="0" pending="0" />
    <Output>
      <StdOut>[xUnit.net 00:00:00.00] xUnit.net VSTest Adapter v3.1.4+50e68bbb8b (64-bit .NET 10.0.12)
[xUnit.net 00:00:00.04]   Discovering: Sample.Tests
[xUnit.net 00:00:00.06]   Discovered:  Sample.Tests
[xUnit.net 00:00:00.08]   Starting:    Sample.Tests
info: Microsoft.EntityFrameworkCore.Update[30100]
      Saved 1 entities to in-memory store.
info: Microsoft.Hosting.Lifetime[0]
      Application started. Press Ctrl+C to shut down.
info: Microsoft.Hosting.Lifetime[0]
      Hosting environment: Development
info: Microsoft.Hosting.Lifetime[0]
      Content root path: /tmp/skies-red-XDszD8/checkout/examples/sample-app/backend/Sample.Api
info: Microsoft.EntityFrameworkCore.Update[30100]
      Saved 4 entities to in-memory store.
info: Microsoft.Hosting.Lifetime[0]
      Application is shutting down...
[xUnit.net 00:00:00.50]       Assert.Equal() Failure: Values differ
[xUnit.net 00:00:00.50]       Expected: 2
[xUnit.net 00:00:00.50]       Actual:   0
[xUnit.net 00:00:00.50]       Stack Trace:
[xUnit.net 00:00:00.50]         /tmp/skies-red-XDszD8/checkout/examples/sample-app/.specs/0003-wallet-reads/e2e/WalletReadsSpec.cs(42,0): at Specs.S0003.WalletReadsSpec.Page_carries_items_and_total()
[xUnit.net 00:00:00.50]         /tmp/skies-red-XDszD8/checkout/examples/sample-app/.specs/0003-wallet-reads/e2e/WalletReadsSpec.cs(45,0): at Specs.S0003.WalletReadsSpec.Page_carries_items_and_total()
[xUnit.net 00:00:00.51]         --- End of stack trace from previous location ---
info: Microsoft.EntityFrameworkCore.Update[30100]
      Saved 1 entities to in-memory store.
info: Microsoft.Hosting.Lifetime[0]
      Application started. Press Ctrl+C to shut down.
info: Microsoft.Hosting.Lifetime[0]
      Hosting environment: Development
info: Microsoft.Hosting.Lifetime[0]
      Content root path: /tmp/skies-red-XDszD8/checkout/examples/sample-app/backend/Sample.Api
info: Microsoft.Hosting.Lifetime[0]
      Application is shutting down...
[xUnit.net 00:00:00.54]       Assert.Equal() Failure: Values differ
[xUnit.net 00:00:00.54]       Expected: NotFound
[xUnit.net 00:00:00.54]       Actual:   OK
[xUnit.net 00:00:00.54]       Stack Trace:
[xUnit.net 00:00:00.54]         /tmp/skies-red-XDszD8/checkout/examples/sample-app/.specs/0003-wallet-reads/e2e/WalletReadsSpec.cs(31,0): at Specs.S0003.WalletReadsSpec.Missing_wallet_is_not_found()
[xUnit.net 00:00:00.54]         /tmp/skies-red-XDszD8/checkout/examples/sample-app/.specs/0003-wallet-reads/e2e/WalletReadsSpec.cs(31,0): at Specs.S0003.WalletReadsSpec.Missing_wallet_is_not_found()
[xUnit.net 00:00:00.54]         --- End of stack trace from previous location ---
info: Microsoft.EntityFrameworkCore.Update[30100]
      Saved 1 entities to in-memory store.
info: Microsoft.Hosting.Lifetime[0]
      Application started. Press Ctrl+C to shut down.
info: Microsoft.Hosting.Lifetime[0]
      Hosting environment: Development
info: Microsoft.Hosting.Lifetime[0]
      Content root path: /tmp/skies-red-XDszD8/checkout/examples/sample-app/backend/Sample.Api
info: Microsoft.EntityFrameworkCore.Update[30100]
      Saved 1 entities to in-memory store.
info: Microsoft.Hosting.Lifetime[0]
      Application is shutting down...
[xUnit.net 00:00:00.55]       Assert.Equal() Failure: Values differ
[xUnit.net 00:00:00.55]       Expected: 42
[xUnit.net 00:00:00.55]       Actual:   0
[xUnit.net 00:00:00.55]       Stack Trace:
[xUnit.net 00:00:00.55]         /tmp/skies-red-XDszD8/checkout/examples/sample-app/.specs/0003-wallet-reads/e2e/WalletReadsSpec.cs(21,0): at Specs.S0003.WalletReadsSpec.Balance_reflects_the_store()
[xUnit.net 00:00:00.55]         /tmp/skies-red-XDszD8/checkout/examples/sample-app/.specs/0003-wallet-reads/e2e/WalletReadsSpec.cs(21,0): at Specs.S0003.WalletReadsSpec.Balance_reflects_the_store()
[xUnit.net 00:00:00.55]         --- End of stack trace from previous location ---
info: Microsoft.EntityFrameworkCore.Update[30100]
      Saved 1 entities to in-memory store.
info: Microsoft.Hosting.Lifetime[0]
      Application started. Press Ctrl+C to shut down.
info: Microsoft.Hosting.Lifetime[0]
      Hosting environment: Development
info: Microsoft.Hosting.Lifetime[0]
      Content root path: /tmp/skies-red-XDszD8/checkout/examples/sample-app/backend/Sample.Api
info: Microsoft.EntityFrameworkCore.Update[30100]
      Saved 2 entities to in-memory store.
info: Microsoft.Hosting.Lifetime[0]
      Application is shutting down...
[xUnit.net 00:00:00.56]       Assert.Equal() Failure: Values differ
[xUnit.net 00:00:00.56]       Expected: 1
[xUnit.net 00:00:00.56]       Actual:   -2
[xUnit.net 00:00:00.56]       Stack Trace:
[xUnit.net 00:00:00.56]         /tmp/skies-red-XDszD8/checkout/examples/sample-app/.specs/0003-wallet-reads/e2e/WalletReadsSpec.cs(56,0): at Specs.S0003.WalletReadsSpec.Hostile_paging_is_clamped()
[xUnit.net 00:00:00.56]         /tmp/skies-red-XDszD8/checkout/examples/sample-app/.specs/0003-wallet-reads/e2e/WalletReadsSpec.cs(58,0): at Specs.S0003.WalletReadsSpec.Hostile_paging_is_clamped()
[xUnit.net 00:00:00.56]         --- End of stack trace from previous location ---
info: Microsoft.EntityFrameworkCore.Update[30100]
      Saved 1 entities to in-memory store.
info: Microsoft.Hosting.Lifetime[0]
      Application started. Press Ctrl+C to shut down.
info: Microsoft.Hosting.Lifetime[0]
      Hosting environment: Development
info: Microsoft.Hosting.Lifetime[0]
      Content root path: /tmp/skies-red-XDszD8/checkout/examples/sample-app/backend/Sample.Api
info: Microsoft.EntityFrameworkCore.Update[30100]
      Saved 6 entities to in-memory store.
info: Microsoft.Hosting.Lifetime[0]
      Application is shutting down...
[xUnit.net 00:00:00.58]       Assert.Equal() Failure: Values differ
[xUnit.net 00:00:00.58]       Expected: 7
[xUnit.net 00:00:00.58]       Actual:   0
[xUnit.net 00:00:00.58]       Stack Trace:
[xUnit.net 00:00:00.58]         /tmp/skies-red-XDszD8/checkout/examples/sample-app/.specs/0003-wallet-reads/e2e/WalletReadsSpec.cs(71,0): at Specs.S0003.WalletReadsSpec.Pages_partition_the_set()
[xUnit.net 00:00:00.58]         /tmp/skies-red-XDszD8/checkout/examples/sample-app/.specs/0003-wallet-reads/e2e/WalletReadsSpec.cs(72,0): at Specs.S0003.WalletReadsSpec.Pages_partition_the_set()
[xUnit.net 00:00:00.58]         --- End of stack trace from previous location ---
[xUnit.net 00:00:00.58]   Finished:    Sample.Tests
</StdOut>
    </Output>
    <RunInfos>
      <RunInfo computerName="omarchy" outcome="Error" timestamp="2026-09-24T02:18:09.5931036-03:00">
        <Text>[xUnit.net 00:00:00.50]     FM-3: a page carries its items and the count of the whole set [FAIL]</Text>
      </RunInfo>
      <RunInfo computerName="omarchy" outcome="Error" timestamp="2026-09-24T02:18:09.6257858-03:00">
        <Text>[xUnit.net 00:00:00.54]     FM-2: a balance read for a missing wallet answers 404 [FAIL]</Text>
      </RunInfo>
      <RunInfo computerName="omarchy" outcome="Error" timestamp="2026-09-24T02:18:09.6407537-03:00">
        <Text>[xUnit.net 00:00:00.55]     FM-1: the balance read returns the stored balance [FAIL]</Text>
      </RunInfo>
      <RunInfo computerName="omarchy" outcome="Error" timestamp="2026-09-24T02:18:09.6518108-03:00">
        <Text>[xUnit.net 00:00:00.56]     FM-4: hostile paging input is clamped server-side [FAIL]</Text>
      </RunInfo>
      <RunInfo computerName="omarchy" outcome="Error" timestamp="2026-09-24T02:18:09.6644735-03:00">
        <Text>[xUnit.net 00:00:00.58]     FM-5: consecutive pages neither overlap nor skip [FAIL]</Text>
      </RunInfo>
    </RunInfos>
  </ResultSummary>
</TestRun>