<?xml version="1.0" encoding="utf-8"?>
<TestRun id="1fed44d0-65b5-4c6f-8bf8-c0ac41430066" name="@omarchy 2026-09-24 02:29:21" xmlns="http://microsoft.com/schemas/VisualStudio/TeamTest/2010">
  <Times creation="2026-09-24T02:29:21.1017513-03:00" queuing="2026-09-24T02:29:21.1017513-03:00" start="2026-09-24T02:29:20.1241028-03:00" finish="2026-09-24T02:29:21.1055662-03:00" />
  <TestSettings name="default" id="98632c31-e311-4380-943b-6fafa1fa95b7">
    <Deployment runDeploymentRoot="_omarchy_2026-09-24_02_29_21" />
  </TestSettings>
  <Results>
    <UnitTestResult executionId="4830e0ae-475d-42b6-8088-4bc111ac24a2" testId="3b424cf8-b5b0-e09a-f50a-55abe842c748" testName="FM-2: an explicitly registered assembly is enumerated once, beside the app's own codes" computerName="omarchy" duration="00:00:00.0302067" startTime="2026-09-24T02:29:20.9651413-03:00" endTime="2026-09-24T02:29:20.9952546-03:00" testType="13cdc9d9-ddb5-4fa4-a97d-d965ccfc6d4b" outcome="Passed" testListId="8c84fa94-04c1-424b-9868-57a2d4851a1d" relativeResultsDirectory="4830e0ae-475d-42b6-8088-4bc111ac24a2" />
    <UnitTestResult executionId="08245fe7-d094-45cf-825d-3960822b654e" testId="6f2fdeda-946d-34f8-1a69-a20141d0e032" testName="FM-2: a dependency loaded in the process does not widen the contract" computerName="omarchy" duration="00:00:00.0456615" startTime="2026-09-24T02:29:20.9344618-03:00" endTime="2026-09-24T02:29:20.9648146-03:00" testType="13cdc9d9-ddb5-4fa4-a97d-d965ccfc6d4b" outcome="Failed" testListId="8c84fa94-04c1-424b-9868-57a2d4851a1d" relativeResultsDirectory="08245fe7-d094-45cf-825d-3960822b654e">
      <Output>
        <ErrorInfo>
          <Message>System.Collections.Generic.KeyNotFoundException : The given key was not present in the dictionary.</Message>
          <StackTrace>   at System.Text.Json.JsonElement.GetProperty(String propertyName)
   at Specs.S0005.ErrorCodeContractSpec.ErrorCodes(WebApplicationFactory`1 app) in /tmp/skies-red-2dbyBC/checkout/examples/sample-app/.specs/0005-openapi-contract/e2e/ErrorCodeContractSpec.cs:line 59
   at Specs.S0005.ErrorCodeContractSpec.A_loaded_dependency_does_not_widen_the_contract() in /tmp/skies-red-2dbyBC/checkout/examples/sample-app/.specs/0005-openapi-contract/e2e/ErrorCodeContractSpec.cs:line 34
   at Specs.S0005.ErrorCodeContractSpec.A_loaded_dependency_does_not_widen_the_contract() in /tmp/skies-red-2dbyBC/checkout/examples/sample-app/.specs/0005-openapi-contract/e2e/ErrorCodeContractSpec.cs:line 37
--- End of stack trace from previous location ---</StackTrace>
        </ErrorInfo>
      </Output>
    </UnitTestResult>
    <UnitTestResult executionId="a89e96bc-54a3-4e29-a64e-3f6e630b6f93" testId="c534da32-25c5-d8df-0546-d03b5af946a3" testName="FM-1: ErrorBody.code enumerates the app's registry codes" computerName="omarchy" duration="00:00:00.4539288" startTime="2026-09-24T02:29:20.4550556-03:00" endTime="2026-09-24T02:29:20.9177654-03:00" testType="13cdc9d9-ddb5-4fa4-a97d-d965ccfc6d4b" outcome="Failed" testListId="8c84fa94-04c1-424b-9868-57a2d4851a1d" relativeResultsDirectory="a89e96bc-54a3-4e29-a64e-3f6e630b6f93">
      <Output>
        <ErrorInfo>
          <Message>System.Collections.Generic.KeyNotFoundException : The given key was not present in the dictionary.</Message>
          <StackTrace>   at System.Text.Json.JsonElement.GetProperty(String propertyName)
   at Specs.S0005.ErrorCodeContractSpec.ErrorCodes(WebApplicationFactory`1 app) in /tmp/skies-red-2dbyBC/checkout/examples/sample-app/.specs/0005-openapi-contract/e2e/ErrorCodeContractSpec.cs:line 59
   at Specs.S0005.ErrorCodeContractSpec.ErrorBody_code_enumerates_the_registries() in /tmp/skies-red-2dbyBC/checkout/examples/sample-app/.specs/0005-openapi-contract/e2e/ErrorCodeContractSpec.cs:line 20
   at Specs.S0005.ErrorCodeContractSpec.ErrorBody_code_enumerates_the_registries() in /tmp/skies-red-2dbyBC/checkout/examples/sample-app/.specs/0005-openapi-contract/e2e/ErrorCodeContractSpec.cs:line 26
--- End of stack trace from previous location ---</StackTrace>
        </ErrorInfo>
      </Output>
    </UnitTestResult>
    <UnitTestResult executionId="1d40a38f-b0cc-4864-9141-93f140ff8dad" testId="4072c344-28f8-451f-a2d4-ad532f7c2861" testName="FM-4: a scalar value object reached only through a nullable property mirrors its primitive" computerName="omarchy" duration="00:00:00.0456088" startTime="2026-09-24T02:29:20.9344499-03:00" endTime="2026-09-24T02:29:20.9645298-03:00" testType="13cdc9d9-ddb5-4fa4-a97d-d965ccfc6d4b" outcome="Failed" testListId="8c84fa94-04c1-424b-9868-57a2d4851a1d" relativeResultsDirectory="1d40a38f-b0cc-4864-9141-93f140ff8dad">
      <Output>
        <ErrorInfo>
          <Message>System.Collections.Generic.KeyNotFoundException : The given key was not present in the dictionary.</Message>
          <StackTrace>   at System.Text.Json.JsonElement.GetProperty(String propertyName)
   at Specs.S0005.SchemaContractSpec.Schema(JsonDocument document, String name) in /tmp/skies-red-2dbyBC/checkout/examples/sample-app/.specs/0005-openapi-contract/e2e/SchemaContractSpec.cs:line 92
   at Specs.S0005.SchemaContractSpec.A_nullable_only_scalar_value_object_mirrors_its_primitive() in /tmp/skies-red-2dbyBC/checkout/examples/sample-app/.specs/0005-openapi-contract/e2e/SchemaContractSpec.cs:line 31
--- End of stack trace from previous location ---</StackTrace>
        </ErrorInfo>
      </Output>
    </UnitTestResult>
    <UnitTestResult executionId="bc859733-19a9-4862-b214-a8c64df71b42" testId="269e1e8c-d94a-bc52-2899-95723aeed0c0" testName="FM-3: a numeric body property is a plain number" computerName="omarchy" duration="00:00:00.4539249" startTime="2026-09-24T02:29:20.4558754-03:00" endTime="2026-09-24T02:29:20.9304521-03:00" testType="13cdc9d9-ddb5-4fa4-a97d-d965ccfc6d4b" outcome="Failed" testListId="8c84fa94-04c1-424b-9868-57a2d4851a1d" relativeResultsDirectory="bc859733-19a9-4862-b214-a8c64df71b42">
      <Output>
        <ErrorInfo>
          <Message>System.Collections.Generic.KeyNotFoundException : The given key was not present in the dictionary.</Message>
          <StackTrace>   at System.Text.Json.JsonElement.GetProperty(String propertyName)
   at Specs.S0005.SchemaContractSpec.Schema(JsonDocument document, String name) in /tmp/skies-red-2dbyBC/checkout/examples/sample-app/.specs/0005-openapi-contract/e2e/SchemaContractSpec.cs:line 92
   at Specs.S0005.SchemaContractSpec.A_numeric_body_property_is_plainly_typed() in /tmp/skies-red-2dbyBC/checkout/examples/sample-app/.specs/0005-openapi-contract/e2e/SchemaContractSpec.cs:line 17
--- End of stack trace from previous location ---</StackTrace>
        </ErrorInfo>
      </Output>
    </UnitTestResult>
    <UnitTestResult executionId="337144d3-e348-4695-94f3-bd32f75eef3b" testId="cc8369cb-8341-4613-c613-2c95bc629f24" testName="FM-6: the page's four members are required, plain array and integers" computerName="omarchy" duration="00:00:00.0257809" startTime="2026-09-24T02:29:20.9986656-03:00" endTime="2026-09-24T02:29:21.0243166-03:00" testType="13cdc9d9-ddb5-4fa4-a97d-d965ccfc6d4b" outcome="Failed" testListId="8c84fa94-04c1-424b-9868-57a2d4851a1d" relativeResultsDirectory="337144d3-e348-4695-94f3-bd32f75eef3b">
      <Output>
        <ErrorInfo>
          <Message>System.Collections.Generic.KeyNotFoundException : The given key was not present in the dictionary.</Message>
          <StackTrace>   at System.Text.Json.JsonElement.GetProperty(String propertyName)
   at Specs.S0005.SchemaContractSpec.Schema(JsonDocument document, String name) in /tmp/skies-red-2dbyBC/checkout/examples/sample-app/.specs/0005-openapi-contract/e2e/SchemaContractSpec.cs:line 92
   at Specs.S0005.SchemaContractSpec.The_page_schema_is_required_and_plainly_typed() in /tmp/skies-red-2dbyBC/checkout/examples/sample-app/.specs/0005-openapi-contract/e2e/SchemaContractSpec.cs:line 63
--- End of stack trace from previous location ---</StackTrace>
        </ErrorInfo>
      </Output>
    </UnitTestResult>
    <UnitTestResult executionId="2eb55e69-905e-41a9-a5a0-a5e3e293074d" testId="8090b0c6-e1bb-4cec-d38e-ae5396e91e7a" testName="FM-7: a slice's output references its own slice-qualified page" computerName="omarchy" duration="00:00:00.0129423" startTime="2026-09-24T02:29:20.9651521-03:00" endTime="2026-09-24T02:29:20.9777839-03:00" testType="13cdc9d9-ddb5-4fa4-a97d-d965ccfc6d4b" outcome="Failed" testListId="8c84fa94-04c1-424b-9868-57a2d4851a1d" relativeResultsDirectory="2eb55e69-905e-41a9-a5a0-a5e3e293074d">
      <Output>
        <ErrorInfo>
          <Message>System.Collections.Generic.KeyNotFoundException : The given key was not present in the dictionary.</Message>
          <StackTrace>   at System.Text.Json.JsonElement.GetProperty(String propertyName)
   at Specs.S0005.SchemaContractSpec.Schema(JsonDocument document, String name) in /tmp/skies-red-2dbyBC/checkout/examples/sample-app/.specs/0005-openapi-contract/e2e/SchemaContractSpec.cs:line 92
   at Specs.S0005.SchemaContractSpec.The_slice_output_references_its_qualified_page() in /tmp/skies-red-2dbyBC/checkout/examples/sample-app/.specs/0005-openapi-contract/e2e/SchemaContractSpec.cs:line 79
--- End of stack trace from previous location ---</StackTrace>
        </ErrorInfo>
      </Output>
    </UnitTestResult>
    <UnitTestResult executionId="9c598202-efb0-4043-a08b-6ef0ce3f0841" testId="b422ae4a-9e62-cecc-9d59-f7972d9302fe" testName="FM-5: a numeric query parameter accepts no strings" computerName="omarchy" duration="00:00:00.0197866" startTime="2026-09-24T02:29:20.9782497-03:00" endTime="2026-09-24T02:29:20.9981237-03:00" testType="13cdc9d9-ddb5-4fa4-a97d-d965ccfc6d4b" outcome="Failed" testListId="8c84fa94-04c1-424b-9868-57a2d4851a1d" relativeResultsDirectory="9c598202-efb0-4043-a08b-6ef0ce3f0841">
      <Output>
        <ErrorInfo>
          <Message>Assert.DoesNotContain() Failure: Item found in collection
                        ↓ (pos 1)
Collection: ["integer", "string"]
Found:      "string"</Message>
          <StackTrace>   at Specs.S0005.SchemaContractSpec.A_numeric_query_parameter_is_plainly_typed() in /tmp/skies-red-2dbyBC/checkout/examples/sample-app/.specs/0005-openapi-contract/e2e/SchemaContractSpec.cs:line 55
--- End of stack trace from previous location ---</StackTrace>
        </ErrorInfo>
      </Output>
    </UnitTestResult>
  </Results>
  <TestDefinitions>
    <UnitTest name="FM-2: a dependency loaded in the process does not widen the contract" storage="/tmp/skies-red-2dbybc/checkout/examples/sample-app/backend/sample.tests/bin/debug/net10.0/sample.tests.dll" id="6f2fdeda-946d-34f8-1a69-a20141d0e032">
      <Execution id="08245fe7-d094-45cf-825d-3960822b654e" />
      <TestMethod codeBase="/tmp/skies-red-2dbyBC/checkout/examples/sample-app/backend/Sample.Tests/bin/Debug/net10.0/Sample.Tests.dll" adapterTypeName="executor://xunit/VsTestRunner3/netcore/" className="Specs.S0005.ErrorCodeContractSpec" name="A_loaded_dependency_does_not_widen_the_contract" />
    </UnitTest>
    <UnitTest name="FM-2: an explicitly registered assembly is enumerated once, beside the app's own codes" storage="/tmp/skies-red-2dbybc/checkout/examples/sample-app/backend/sample.tests/bin/debug/net10.0/sample.tests.dll" id="3b424cf8-b5b0-e09a-f50a-55abe842c748">
      <Execution id="4830e0ae-475d-42b6-8088-4bc111ac24a2" />
      <TestMethod codeBase="/tmp/skies-red-2dbyBC/checkout/examples/sample-app/backend/Sample.Tests/bin/Debug/net10.0/Sample.Tests.dll" adapterTypeName="executor://xunit/VsTestRunner3/netcore/" className="Specs.S0005.ErrorCodeContractSpec" name="An_explicitly_registered_assembly_is_enumerated_once" />
    </UnitTest>
    <UnitTest name="FM-4: a scalar value object reached only through a nullable property mirrors its primitive" storage="/tmp/skies-red-2dbybc/checkout/examples/sample-app/backend/sample.tests/bin/debug/net10.0/sample.tests.dll" id="4072c344-28f8-451f-a2d4-ad532f7c2861">
      <Execution id="1d40a38f-b0cc-4864-9141-93f140ff8dad" />
      <TestMethod codeBase="/tmp/skies-red-2dbyBC/checkout/examples/sample-app/backend/Sample.Tests/bin/Debug/net10.0/Sample.Tests.dll" adapterTypeName="executor://xunit/VsTestRunner3/netcore/" className="Specs.S0005.SchemaContractSpec" name="A_nullable_only_scalar_value_object_mirrors_its_primitive" />
    </UnitTest>
    <UnitTest name="FM-6: the page's four members are required, plain array and integers" storage="/tmp/skies-red-2dbybc/checkout/examples/sample-app/backend/sample.tests/bin/debug/net10.0/sample.tests.dll" id="cc8369cb-8341-4613-c613-2c95bc629f24">
      <Execution id="337144d3-e348-4695-94f3-bd32f75eef3b" />
      <TestMethod codeBase="/tmp/skies-red-2dbyBC/checkout/examples/sample-app/backend/Sample.Tests/bin/Debug/net10.0/Sample.Tests.dll" adapterTypeName="executor://xunit/VsTestRunner3/netcore/" className="Specs.S0005.SchemaContractSpec" name="The_page_schema_is_required_and_plainly_typed" />
    </UnitTest>
    <UnitTest name="FM-5: a numeric query parameter accepts no strings" storage="/tmp/skies-red-2dbybc/checkout/examples/sample-app/backend/sample.tests/bin/debug/net10.0/sample.tests.dll" id="b422ae4a-9e62-cecc-9d59-f7972d9302fe">
      <Execution id="9c598202-efb0-4043-a08b-6ef0ce3f0841" />
      <TestMethod codeBase="/tmp/skies-red-2dbyBC/checkout/examples/sample-app/backend/Sample.Tests/bin/Debug/net10.0/Sample.Tests.dll" adapterTypeName="executor://xunit/VsTestRunner3/netcore/" className="Specs.S0005.SchemaContractSpec" name="A_numeric_query_parameter_is_plainly_typed" />
    </UnitTest>
    <UnitTest name="FM-3: a numeric body property is a plain number" storage="/tmp/skies-red-2dbybc/checkout/examples/sample-app/backend/sample.tests/bin/debug/net10.0/sample.tests.dll" id="269e1e8c-d94a-bc52-2899-95723aeed0c0">
      <Execution id="bc859733-19a9-4862-b214-a8c64df71b42" />
      <TestMethod codeBase="/tmp/skies-red-2dbyBC/checkout/examples/sample-app/backend/Sample.Tests/bin/Debug/net10.0/Sample.Tests.dll" adapterTypeName="executor://xunit/VsTestRunner3/netcore/" className="Specs.S0005.SchemaContractSpec" name="A_numeric_body_property_is_plainly_typed" />
    </UnitTest>
    <UnitTest name="FM-7: a slice's output references its own slice-qualified page" storage="/tmp/skies-red-2dbybc/checkout/examples/sample-app/backend/sample.tests/bin/debug/net10.0/sample.tests.dll" id="8090b0c6-e1bb-4cec-d38e-ae5396e91e7a">
      <Execution id="2eb55e69-905e-41a9-a5a0-a5e3e293074d" />
      <TestMethod codeBase="/tmp/skies-red-2dbyBC/checkout/examples/sample-app/backend/Sample.Tests/bin/Debug/net10.0/Sample.Tests.dll" adapterTypeName="executor://xunit/VsTestRunner3/netcore/" className="Specs.S0005.SchemaContractSpec" name="The_slice_output_references_its_qualified_page" />
    </UnitTest>
    <UnitTest name="FM-1: ErrorBody.code enumerates the app's registry codes" storage="/tmp/skies-red-2dbybc/checkout/examples/sample-app/backend/sample.tests/bin/debug/net10.0/sample.tests.dll" id="c534da32-25c5-d8df-0546-d03b5af946a3">
      <Execution id="a89e96bc-54a3-4e29-a64e-3f6e630b6f93" />
      <TestMethod codeBase="/tmp/skies-red-2dbyBC/checkout/examples/sample-app/backend/Sample.Tests/bin/Debug/net10.0/Sample.Tests.dll" adapterTypeName="executor://xunit/VsTestRunner3/netcore/" className="Specs.S0005.ErrorCodeContractSpec" name="ErrorBody_code_enumerates_the_registries" />
    </UnitTest>
  </TestDefinitions>
  <TestEntries>
    <TestEntry testId="3b424cf8-b5b0-e09a-f50a-55abe842c748" executionId="4830e0ae-475d-42b6-8088-4bc111ac24a2" testListId="8c84fa94-04c1-424b-9868-57a2d4851a1d" />
    <TestEntry testId="6f2fdeda-946d-34f8-1a69-a20141d0e032" executionId="08245fe7-d094-45cf-825d-3960822b654e" testListId="8c84fa94-04c1-424b-9868-57a2d4851a1d" />
    <TestEntry testId="c534da32-25c5-d8df-0546-d03b5af946a3" executionId="a89e96bc-54a3-4e29-a64e-3f6e630b6f93" testListId="8c84fa94-04c1-424b-9868-57a2d4851a1d" />
    <TestEntry testId="4072c344-28f8-451f-a2d4-ad532f7c2861" executionId="1d40a38f-b0cc-4864-9141-93f140ff8dad" testListId="8c84fa94-04c1-424b-9868-57a2d4851a1d" />
    <TestEntry testId="269e1e8c-d94a-bc52-2899-95723aeed0c0" executionId="bc859733-19a9-4862-b214-a8c64df71b42" testListId="8c84fa94-04c1-424b-9868-57a2d4851a1d" />
    <TestEntry testId="cc8369cb-8341-4613-c613-2c95bc629f24" executionId="337144d3-e348-4695-94f3-bd32f75eef3b" testListId="8c84fa94-04c1-424b-9868-57a2d4851a1d" />
    <TestEntry testId="8090b0c6-e1bb-4cec-d38e-ae5396e91e7a" executionId="2eb55e69-905e-41a9-a5a0-a5e3e293074d" testListId="8c84fa94-04c1-424b-9868-57a2d4851a1d" />
    <TestEntry testId="b422ae4a-9e62-cecc-9d59-f7972d9302fe" executionId="9c598202-efb0-4043-a08b-6ef0ce3f0841" testListId="8c84fa94-04c1-424b-9868-57a2d4851a1d" />
  </TestEntries>
  <TestLists>
    <TestList name="Results Not in a List" id="8c84fa94-04c1-424b-9868-57a2d4851a1d" />
    <TestList name="All Loaded Results" id="19431567-8539-422a-85d7-44ee4e166bda" />
  </TestLists>
  <ResultSummary outcome="Failed">
    <Counters total="8" executed="8" passed="1" failed="7" error="0" timeout="0" aborted="0" inconclusive="0" passedButRunAborted="0" notRunnable="0" notExecuted="0" disconnected="0" warning="0" completed="0" inProgress="0" pending="0" />
    <Output>
      <StdOut>[xUnit.net 00:00:00.00] xUnit.net VSTest Adapter v3.1.4+50e68bbb8b (64-bit .NET 10.0.12)
[xUnit.net 00:00:00.04]   Discovering: Sample.Tests
[xUnit.net 00:00:00.07]   Discovered:  Sample.Tests
[xUnit.net 00:00:00.08]   Starting:    Sample.Tests
info: Microsoft.EntityFrameworkCore.Update[30100]
      Saved 1 entities to in-memory store.
info: Microsoft.EntityFrameworkCore.Update[30100]
      Saved 1 entities to in-memory store.
info: Microsoft.Hosting.Lifetime[0]
      Application started. Press Ctrl+C to shut down.
info: Microsoft.Hosting.Lifetime[0]
      Hosting environment: Development
info: Microsoft.Hosting.Lifetime[0]
      Content root path: /tmp/skies-red-2dbyBC/checkout/examples/sample-app/backend/Sample.Api
info: Microsoft.Hosting.Lifetime[0]
      Application started. Press Ctrl+C to shut down.
info: Microsoft.Hosting.Lifetime[0]
      Hosting environment: Development
info: Microsoft.Hosting.Lifetime[0]
      Content root path: /tmp/skies-red-2dbyBC/checkout/examples/sample-app/backend/Sample.Api
info: Microsoft.Hosting.Lifetime[0]
      Application is shutting down...
info: Microsoft.Hosting.Lifetime[0]
      Application is shutting down...
[xUnit.net 00:00:00.56]       System.Collections.Generic.KeyNotFoundException : The given key was not present in the dictionary.
[xUnit.net 00:00:00.56]       Stack Trace:
[xUnit.net 00:00:00.56]            at System.Text.Json.JsonElement.GetProperty(String propertyName)
[xUnit.net 00:00:00.56]         /tmp/skies-red-2dbyBC/checkout/examples/sample-app/.specs/0005-openapi-contract/e2e/ErrorCodeContractSpec.cs(59,0): at Specs.S0005.ErrorCodeContractSpec.ErrorCodes(WebApplicationFactory`1 app)
[xUnit.net 00:00:00.56]         /tmp/skies-red-2dbyBC/checkout/examples/sample-app/.specs/0005-openapi-contract/e2e/ErrorCodeContractSpec.cs(20,0): at Specs.S0005.ErrorCodeContractSpec.ErrorBody_code_enumerates_the_registries()
[xUnit.net 00:00:00.56]         /tmp/skies-red-2dbyBC/checkout/examples/sample-app/.specs/0005-openapi-contract/e2e/ErrorCodeContractSpec.cs(26,0): at Specs.S0005.ErrorCodeContractSpec.ErrorBody_code_enumerates_the_registries()
[xUnit.net 00:00:00.56]         --- End of stack trace from previous location ---
[xUnit.net 00:00:00.57]       System.Collections.Generic.KeyNotFoundException : The given key was not present in the dictionary.
[xUnit.net 00:00:00.57]       Stack Trace:
[xUnit.net 00:00:00.57]            at System.Text.Json.JsonElement.GetProperty(String propertyName)
[xUnit.net 00:00:00.57]         /tmp/skies-red-2dbyBC/checkout/examples/sample-app/.specs/0005-openapi-contract/e2e/SchemaContractSpec.cs(92,0): at Specs.S0005.SchemaContractSpec.Schema(JsonDocument document, String name)
[xUnit.net 00:00:00.57]         /tmp/skies-red-2dbyBC/checkout/examples/sample-app/.specs/0005-openapi-contract/e2e/SchemaContractSpec.cs(17,0): at Specs.S0005.SchemaContractSpec.A_numeric_body_property_is_plainly_typed()
[xUnit.net 00:00:00.57]         --- End of stack trace from previous location ---
info: Microsoft.EntityFrameworkCore.Update[30100]
      Saved 1 entities to in-memory store.
info: Microsoft.EntityFrameworkCore.Update[30100]
      Saved 1 entities to in-memory store.
info: Microsoft.Hosting.Lifetime[0]
      Application started. Press Ctrl+C to shut down.
info: Microsoft.Hosting.Lifetime[0]
      Hosting environment: Development
info: Microsoft.Hosting.Lifetime[0]
      Application started. Press Ctrl+C to shut down.
info: Microsoft.Hosting.Lifetime[0]
      Content root path: /tmp/skies-red-2dbyBC/checkout/examples/sample-app/backend/Sample.Api
info: Microsoft.Hosting.Lifetime[0]
      Hosting environment: Development
info: Microsoft.Hosting.Lifetime[0]
      Content root path: /tmp/skies-red-2dbyBC/checkout/examples/sample-app/backend/Sample.Api
info: Microsoft.Hosting.Lifetime[0]
      Application is shutting down...
info: Microsoft.Hosting.Lifetime[0]
      Application is shutting down...
[xUnit.net 00:00:00.60]       System.Collections.Generic.KeyNotFoundException : The given key was not present in the dictionary.
[xUnit.net 00:00:00.60]       Stack Trace:
[xUnit.net 00:00:00.60]            at System.Text.Json.JsonElement.GetProperty(String propertyName)
[xUnit.net 00:00:00.60]         /tmp/skies-red-2dbyBC/checkout/examples/sample-app/.specs/0005-openapi-contract/e2e/SchemaContractSpec.cs(92,0): at Specs.S0005.SchemaContractSpec.Schema(JsonDocument document, String name)
[xUnit.net 00:00:00.60]         /tmp/skies-red-2dbyBC/checkout/examples/sample-app/.specs/0005-openapi-contract/e2e/SchemaContractSpec.cs(31,0): at Specs.S0005.SchemaContractSpec.A_nullable_only_scalar_value_object_mirrors_its_primitive()
[xUnit.net 00:00:00.60]         --- End of stack trace from previous location ---
[xUnit.net 00:00:00.60]       System.Collections.Generic.KeyNotFoundException : The given key was not present in the dictionary.
[xUnit.net 00:00:00.60]       Stack Trace:
[xUnit.net 00:00:00.60]            at System.Text.Json.JsonElement.GetProperty(String propertyName)
[xUnit.net 00:00:00.60]         /tmp/skies-red-2dbyBC/checkout/examples/sample-app/.specs/0005-openapi-contract/e2e/ErrorCodeContractSpec.cs(59,0): at Specs.S0005.ErrorCodeContractSpec.ErrorCodes(WebApplicationFactory`1 app)
[xUnit.net 00:00:00.60]         /tmp/skies-red-2dbyBC/checkout/examples/sample-app/.specs/0005-openapi-contract/e2e/ErrorCodeContractSpec.cs(34,0): at Specs.S0005.ErrorCodeContractSpec.A_loaded_dependency_does_not_widen_the_contract()
[xUnit.net 00:00:00.60]         /tmp/skies-red-2dbyBC/checkout/examples/sample-app/.specs/0005-openapi-contract/e2e/ErrorCodeContractSpec.cs(37,0): at Specs.S0005.ErrorCodeContractSpec.A_loaded_dependency_does_not_widen_the_contract()
[xUnit.net 00:00:00.60]         --- End of stack trace from previous location ---
info: Microsoft.EntityFrameworkCore.Update[30100]
      Saved 1 entities to in-memory store.
info: Microsoft.Hosting.Lifetime[0]
      Application started. Press Ctrl+C to shut down.
info: Microsoft.Hosting.Lifetime[0]
      Hosting environment: Development
info: Microsoft.Hosting.Lifetime[0]
      Content root path: /tmp/skies-red-2dbyBC/checkout/examples/sample-app/backend/Sample.Api
info: Microsoft.EntityFrameworkCore.Update[30100]
      Saved 1 entities to in-memory store.
info: Microsoft.Hosting.Lifetime[0]
      Application started. Press Ctrl+C to shut down.
info: Microsoft.Hosting.Lifetime[0]
      Hosting environment: Development
info: Microsoft.Hosting.Lifetime[0]
      Content root path: /tmp/skies-red-2dbyBC/checkout/examples/sample-app/backend/Sample.Api
info: Microsoft.Hosting.Lifetime[0]
      Application is shutting down...
[xUnit.net 00:00:00.61]       System.Collections.Generic.KeyNotFoundException : The given key was not present in the dictionary.
[xUnit.net 00:00:00.61]       Stack Trace:
[xUnit.net 00:00:00.61]            at System.Text.Json.JsonElement.GetProperty(String propertyName)
[xUnit.net 00:00:00.61]         /tmp/skies-red-2dbyBC/checkout/examples/sample-app/.specs/0005-openapi-contract/e2e/SchemaContractSpec.cs(92,0): at Specs.S0005.SchemaContractSpec.Schema(JsonDocument document, String name)
[xUnit.net 00:00:00.61]         /tmp/skies-red-2dbyBC/checkout/examples/sample-app/.specs/0005-openapi-contract/e2e/SchemaContractSpec.cs(79,0): at Specs.S0005.SchemaContractSpec.The_slice_output_references_its_qualified_page()
[xUnit.net 00:00:00.61]         --- End of stack trace from previous location ---
info: Microsoft.EntityFrameworkCore.Update[30100]
      Saved 1 entities to in-memory store.
info: Microsoft.Hosting.Lifetime[0]
      Application started. Press Ctrl+C to shut down.
info: Microsoft.Hosting.Lifetime[0]
      Hosting environment: Development
info: Microsoft.Hosting.Lifetime[0]
      Content root path: /tmp/skies-red-2dbyBC/checkout/examples/sample-app/backend/Sample.Api
info: Microsoft.Hosting.Lifetime[0]
      Application is shutting down...
info: Microsoft.Hosting.Lifetime[0]
      Application is shutting down...
[xUnit.net 00:00:00.63]       Assert.DoesNotContain() Failure: Item found in collection
[xUnit.net 00:00:00.63]                               ↓ (pos 1)
[xUnit.net 00:00:00.63]       Collection: ["integer", "string"]
[xUnit.net 00:00:00.63]       Found:      "string"
[xUnit.net 00:00:00.63]       Stack Trace:
[xUnit.net 00:00:00.63]         /tmp/skies-red-2dbyBC/checkout/examples/sample-app/.specs/0005-openapi-contract/e2e/SchemaContractSpec.cs(55,0): at Specs.S0005.SchemaContractSpec.A_numeric_query_parameter_is_plainly_typed()
[xUnit.net 00:00:00.64]         --- End of stack trace from previous location ---
info: Microsoft.EntityFrameworkCore.Update[30100]
      Saved 1 entities to in-memory store.
info: Microsoft.Hosting.Lifetime[0]
      Application started. Press Ctrl+C to shut down.
info: Microsoft.Hosting.Lifetime[0]
      Hosting environment: Development
info: Microsoft.Hosting.Lifetime[0]
      Content root path: /tmp/skies-red-2dbyBC/checkout/examples/sample-app/backend/Sample.Api
info: Microsoft.Hosting.Lifetime[0]
      Application is shutting down...
[xUnit.net 00:00:00.66]       System.Collections.Generic.KeyNotFoundException : The given key was not present in the dictionary.
[xUnit.net 00:00:00.66]       Stack Trace:
[xUnit.net 00:00:00.66]            at System.Text.Json.JsonElement.GetProperty(String propertyName)
[xUnit.net 00:00:00.66]         /tmp/skies-red-2dbyBC/checkout/examples/sample-app/.specs/0005-openapi-contract/e2e/SchemaContractSpec.cs(92,0): at Specs.S0005.SchemaContractSpec.Schema(JsonDocument document, String name)
[xUnit.net 00:00:00.66]         /tmp/skies-red-2dbyBC/checkout/examples/sample-app/.specs/0005-openapi-contract/e2e/SchemaContractSpec.cs(63,0): at Specs.S0005.SchemaContractSpec.The_page_schema_is_required_and_plainly_typed()
[xUnit.net 00:00:00.66]         --- End of stack trace from previous location ---
[xUnit.net 00:00:00.66]   Finished:    Sample.Tests
</StdOut>
    </Output>
    <RunInfos>
      <RunInfo computerName="omarchy" outcome="Error" timestamp="2026-09-24T02:29:20.9196444-03:00">
        <Text>[xUnit.net 00:00:00.56]     FM-1: ErrorBody.code enumerates the app's registry codes [FAIL]</Text>
      </RunInfo>
      <RunInfo computerName="omarchy" outcome="Error" timestamp="2026-09-24T02:29:20.9307747-03:00">
        <Text>[xUnit.net 00:00:00.57]     FM-3: a numeric body property is a plain number [FAIL]</Text>
      </RunInfo>
      <RunInfo computerName="omarchy" outcome="Error" timestamp="2026-09-24T02:29:20.9647992-03:00">
        <Text>[xUnit.net 00:00:00.60]     FM-4: a scalar value object reached only through a nullable property mirrors its primitive [FAIL]</Text>
      </RunInfo>
      <RunInfo computerName="omarchy" outcome="Error" timestamp="2026-09-24T02:29:20.9649612-03:00">
        <Text>[xUnit.net 00:00:00.60]     FM-2: a dependency loaded in the process does not widen the contract [FAIL]</Text>
      </RunInfo>
      <RunInfo computerName="omarchy" outcome="Error" timestamp="2026-09-24T02:29:20.9780117-03:00">
        <Text>[xUnit.net 00:00:00.61]     FM-7: a slice's output references its own slice-qualified page [FAIL]</Text>
      </RunInfo>
      <RunInfo computerName="omarchy" outcome="Error" timestamp="2026-09-24T02:29:20.9983842-03:00">
        <Text>[xUnit.net 00:00:00.63]     FM-5: a numeric query parameter accepts no strings [FAIL]</Text>
      </RunInfo>
      <RunInfo computerName="omarchy" outcome="Error" timestamp="2026-09-24T02:29:21.0245811-03:00">
        <Text>[xUnit.net 00:00:00.66]     FM-6: the page's four members are required, plain array and integers [FAIL]</Text>
      </RunInfo>
    </RunInfos>
  </ResultSummary>
</TestRun>