<?xml version="1.0" encoding="utf-8"?>
<TestRun id="00000000-0000-0000-0000-000000000001" name="{run}" xmlns="http://microsoft.com/schemas/VisualStudio/TeamTest/2010">
  <Times creation="2026-09-24T04:17:16.0470323-03:00" queuing="2026-09-24T04:17:16.0470323-03:00" start="2026-09-24T04:17:14.9733028-03:00" finish="2026-09-24T04:17:16.0520291-03:00" />
  <TestSettings name="default" id="00000000-0000-0000-0000-000000000002">
    <Deployment runDeploymentRoot="{run}" />
  </TestSettings>
  <Results>
    <UnitTestResult executionId="00000000-0000-0000-0000-000000000003" testId="f0b323f1-dceb-aac3-89c0-879baa921e20" testName="FM-2: a positive amount is valid and keeps its value" computerName="{machine}" duration="00:00:00.0001423" startTime="2026-09-24T04:17:15.8294206-03:00" endTime="2026-09-24T04:17:15.8294607-03:00" testType="13cdc9d9-ddb5-4fa4-a97d-d965ccfc6d4b" outcome="Failed" testListId="8c84fa94-04c1-424b-9868-57a2d4851a1d" relativeResultsDirectory="00000000-0000-0000-0000-000000000003">
      <Output>
        <ErrorInfo>
          <Message>Assert.True() Failure
Expected: True
Actual:   False</Message>
          <StackTrace>   at Specs.S0004.MoneySpec.A_positive_amount_is_valid() in {root}/examples/sample-app/.specs/0004-money/e2e/MoneySpec.cs:line 22
   at System.Reflection.MethodBaseInvoker.InterpretedInvoke_Method(Object obj, IntPtr* args)
   at System.Reflection.MethodBaseInvoker.InvokeWithNoArgs(Object obj, BindingFlags invokeAttr)</StackTrace>
        </ErrorInfo>
      </Output>
    </UnitTestResult>
    <UnitTestResult executionId="00000000-0000-0000-0000-000000000004" testId="12f56f37-339b-9ad3-76f9-5908fa634c23" testName="FM-4: adding two amounts produces their sum" computerName="{machine}" duration="00:00:00.0027620" startTime="2026-09-24T04:17:15.8165621-03:00" endTime="2026-09-24T04:17:15.8178700-03:00" testType="13cdc9d9-ddb5-4fa4-a97d-d965ccfc6d4b" outcome="Failed" testListId="8c84fa94-04c1-424b-9868-57a2d4851a1d" relativeResultsDirectory="00000000-0000-0000-0000-000000000004">
      <Output>
        <ErrorInfo>
          <Message>System.InvalidOperationException : Result is a failure; no value to read.</Message>
          <StackTrace>   at Skies.Framework.Abstractions.Result`1.get_Value() in {root}/src/Skies.Framework.Abstractions/Result.cs:line 121
   at Specs.S0004.MoneySpec.Add_sums_two_amounts() in {root}/examples/sample-app/.specs/0004-money/e2e/MoneySpec.cs:line 39
   at System.Reflection.MethodBaseInvoker.InterpretedInvoke_Method(Object obj, IntPtr* args)
   at System.Reflection.MethodBaseInvoker.InvokeWithNoArgs(Object obj, BindingFlags invokeAttr)</StackTrace>
        </ErrorInfo>
      </Output>
    </UnitTestResult>
    <UnitTestResult executionId="00000000-0000-0000-0000-000000000005" testId="b811b544-d10f-7f86-6fed-0755b888f86c" testName="FM-1: zero is valid money" computerName="{machine}" duration="00:00:00.0003493" startTime="2026-09-24T04:17:15.8285370-03:00" endTime="2026-09-24T04:17:15.8286191-03:00" testType="13cdc9d9-ddb5-4fa4-a97d-d965ccfc6d4b" outcome="Failed" testListId="8c84fa94-04c1-424b-9868-57a2d4851a1d" relativeResultsDirectory="00000000-0000-0000-0000-000000000005">
      <Output>
        <ErrorInfo>
          <Message>Assert.True() Failure
Expected: True
Actual:   False</Message>
          <StackTrace>   at Specs.S0004.MoneySpec.Zero_is_valid_money() in {root}/examples/sample-app/.specs/0004-money/e2e/MoneySpec.cs:line 13
   at System.Reflection.MethodBaseInvoker.InterpretedInvoke_Method(Object obj, IntPtr* args)
   at System.Reflection.MethodBaseInvoker.InvokeWithNoArgs(Object obj, BindingFlags invokeAttr)</StackTrace>
        </ErrorInfo>
      </Output>
    </UnitTestResult>
    <UnitTestResult executionId="00000000-0000-0000-0000-000000000006" testId="e5512643-23a3-ec3b-89b2-35eb17a244e3" testName="FM-3: a negative amount is rejected as a validation error" computerName="{machine}" duration="00:00:00.0001744" startTime="2026-09-24T04:17:15.8299473-03:00" endTime="2026-09-24T04:17:15.8299839-03:00" testType="13cdc9d9-ddb5-4fa4-a97d-d965ccfc6d4b" outcome="Failed" testListId="8c84fa94-04c1-424b-9868-57a2d4851a1d" relativeResultsDirectory="00000000-0000-0000-0000-000000000006">
      <Output>
        <ErrorInfo>
          <Message>Assert.True() Failure
Expected: True
Actual:   False</Message>
          <StackTrace>   at Specs.S0004.MoneySpec.A_negative_amount_is_rejected() in {root}/examples/sample-app/.specs/0004-money/e2e/MoneySpec.cs:line 31
   at System.Reflection.MethodBaseInvoker.InterpretedInvoke_Method(Object obj, IntPtr* args)
   at System.Reflection.MethodBaseInvoker.InvokeWithNoArgs(Object obj, BindingFlags invokeAttr)</StackTrace>
        </ErrorInfo>
      </Output>
    </UnitTestResult>
  </Results>
  <TestDefinitions>
    <UnitTest name="FM-2: a positive amount is valid and keeps its value" storage="{root}/examples/sample-app/backend/sample.tests/bin/debug/net10.0/sample.tests.dll" id="f0b323f1-dceb-aac3-89c0-879baa921e20">
      <Execution id="00000000-0000-0000-0000-000000000003" />
      <TestMethod codeBase="{root}/examples/sample-app/backend/Sample.Tests/bin/Debug/net10.0/Sample.Tests.dll" adapterTypeName="executor://xunit/VsTestRunner3/netcore/" className="Specs.S0004.MoneySpec" name="A_positive_amount_is_valid" />
    </UnitTest>
    <UnitTest name="FM-1: zero is valid money" storage="{root}/examples/sample-app/backend/sample.tests/bin/debug/net10.0/sample.tests.dll" id="b811b544-d10f-7f86-6fed-0755b888f86c">
      <Execution id="00000000-0000-0000-0000-000000000005" />
      <TestMethod codeBase="{root}/examples/sample-app/backend/Sample.Tests/bin/Debug/net10.0/Sample.Tests.dll" adapterTypeName="executor://xunit/VsTestRunner3/netcore/" className="Specs.S0004.MoneySpec" name="Zero_is_valid_money" />
    </UnitTest>
    <UnitTest name="FM-4: adding two amounts produces their sum" storage="{root}/examples/sample-app/backend/sample.tests/bin/debug/net10.0/sample.tests.dll" id="12f56f37-339b-9ad3-76f9-5908fa634c23">
      <Execution id="00000000-0000-0000-0000-000000000004" />
      <TestMethod codeBase="{root}/examples/sample-app/backend/Sample.Tests/bin/Debug/net10.0/Sample.Tests.dll" adapterTypeName="executor://xunit/VsTestRunner3/netcore/" className="Specs.S0004.MoneySpec" name="Add_sums_two_amounts" />
    </UnitTest>
    <UnitTest name="FM-3: a negative amount is rejected as a validation error" storage="{root}/examples/sample-app/backend/sample.tests/bin/debug/net10.0/sample.tests.dll" id="e5512643-23a3-ec3b-89b2-35eb17a244e3">
      <Execution id="00000000-0000-0000-0000-000000000006" />
      <TestMethod codeBase="{root}/examples/sample-app/backend/Sample.Tests/bin/Debug/net10.0/Sample.Tests.dll" adapterTypeName="executor://xunit/VsTestRunner3/netcore/" className="Specs.S0004.MoneySpec" name="A_negative_amount_is_rejected" />
    </UnitTest>
  </TestDefinitions>
  <TestEntries>
    <TestEntry testId="f0b323f1-dceb-aac3-89c0-879baa921e20" executionId="00000000-0000-0000-0000-000000000003" testListId="8c84fa94-04c1-424b-9868-57a2d4851a1d" />
    <TestEntry testId="12f56f37-339b-9ad3-76f9-5908fa634c23" executionId="00000000-0000-0000-0000-000000000004" testListId="8c84fa94-04c1-424b-9868-57a2d4851a1d" />
    <TestEntry testId="b811b544-d10f-7f86-6fed-0755b888f86c" executionId="00000000-0000-0000-0000-000000000005" testListId="8c84fa94-04c1-424b-9868-57a2d4851a1d" />
    <TestEntry testId="e5512643-23a3-ec3b-89b2-35eb17a244e3" executionId="00000000-0000-0000-0000-000000000006" testListId="8c84fa94-04c1-424b-9868-57a2d4851a1d" />
  </TestEntries>
  <TestLists>
    <TestList name="Results Not in a List" id="8c84fa94-04c1-424b-9868-57a2d4851a1d" />
    <TestList name="All Loaded Results" id="19431567-8539-422a-85d7-44ee4e166bda" />
  </TestLists>
  <ResultSummary outcome="Failed">
    <Counters total="4" executed="4" passed="0" failed="4" error="0" timeout="0" aborted="0" inconclusive="0" passedButRunAborted="0" notRunnable="0" notExecuted="0" disconnected="0" warning="0" completed="0" inProgress="0" pending="0" />
    <Output>
      <StdOut>[xUnit.net 00:00:00.00] xUnit.net VSTest Adapter v3.1.4+50e68bbb8b (64-bit .NET 10.0.12)
[xUnit.net 00:00:00.04]   Discovering: Sample.Tests
[xUnit.net 00:00:00.07]   Discovered:  Sample.Tests
[xUnit.net 00:00:00.08]   Starting:    Sample.Tests
[xUnit.net 00:00:00.11]       System.InvalidOperationException : Result is a failure; no value to read.
[xUnit.net 00:00:00.11]       Stack Trace:
[xUnit.net 00:00:00.11]         {root}/src/Skies.Framework.Abstractions/Result.cs(121,0): at Skies.Framework.Abstractions.Result`1.get_Value()
[xUnit.net 00:00:00.11]         {root}/examples/sample-app/.specs/0004-money/e2e/MoneySpec.cs(39,0): at Specs.S0004.MoneySpec.Add_sums_two_amounts()
[xUnit.net 00:00:00.11]            at System.Reflection.MethodBaseInvoker.InterpretedInvoke_Method(Object obj, IntPtr* args)
[xUnit.net 00:00:00.11]            at System.Reflection.MethodBaseInvoker.InvokeWithNoArgs(Object obj, BindingFlags invokeAttr)
[xUnit.net 00:00:00.12]       Assert.True() Failure
[xUnit.net 00:00:00.12]       Expected: True
[xUnit.net 00:00:00.12]       Actual:   False
[xUnit.net 00:00:00.12]       Stack Trace:
[xUnit.net 00:00:00.12]         {root}/examples/sample-app/.specs/0004-money/e2e/MoneySpec.cs(13,0): at Specs.S0004.MoneySpec.Zero_is_valid_money()
[xUnit.net 00:00:00.12]            at System.Reflection.MethodBaseInvoker.InterpretedInvoke_Method(Object obj, IntPtr* args)
[xUnit.net 00:00:00.12]            at System.Reflection.MethodBaseInvoker.InvokeWithNoArgs(Object obj, BindingFlags invokeAttr)
[xUnit.net 00:00:00.12]       Assert.True() Failure
[xUnit.net 00:00:00.12]       Expected: True
[xUnit.net 00:00:00.12]       Actual:   False
[xUnit.net 00:00:00.12]       Stack Trace:
[xUnit.net 00:00:00.12]         {root}/examples/sample-app/.specs/0004-money/e2e/MoneySpec.cs(22,0): at Specs.S0004.MoneySpec.A_positive_amount_is_valid()
[xUnit.net 00:00:00.12]            at System.Reflection.MethodBaseInvoker.InterpretedInvoke_Method(Object obj, IntPtr* args)
[xUnit.net 00:00:00.12]            at System.Reflection.MethodBaseInvoker.InvokeWithNoArgs(Object obj, BindingFlags invokeAttr)
[xUnit.net 00:00:00.12]       Assert.True() Failure
[xUnit.net 00:00:00.12]       Expected: True
[xUnit.net 00:00:00.12]       Actual:   False
[xUnit.net 00:00:00.12]       Stack Trace:
[xUnit.net 00:00:00.12]         {root}/examples/sample-app/.specs/0004-money/e2e/MoneySpec.cs(31,0): at Specs.S0004.MoneySpec.A_negative_amount_is_rejected()
[xUnit.net 00:00:00.12]            at System.Reflection.MethodBaseInvoker.InterpretedInvoke_Method(Object obj, IntPtr* args)
[xUnit.net 00:00:00.12]            at System.Reflection.MethodBaseInvoker.InvokeWithNoArgs(Object obj, BindingFlags invokeAttr)
[xUnit.net 00:00:00.12]   Finished:    Sample.Tests
</StdOut>
    </Output>
    <RunInfos>
      <RunInfo computerName="{machine}" outcome="Error" timestamp="2026-09-24T04:17:15.8195389-03:00">
        <Text>[xUnit.net 00:00:00.11]     FM-4: adding two amounts produces their sum [FAIL]</Text>
      </RunInfo>
      <RunInfo computerName="{machine}" outcome="Error" timestamp="2026-09-24T04:17:15.8288294-03:00">
        <Text>[xUnit.net 00:00:00.12]     FM-1: zero is valid money [FAIL]</Text>
      </RunInfo>
      <RunInfo computerName="{machine}" outcome="Error" timestamp="2026-09-24T04:17:15.8295889-03:00">
        <Text>[xUnit.net 00:00:00.12]     FM-2: a positive amount is valid and keeps its value [FAIL]</Text>
      </RunInfo>
      <RunInfo computerName="{machine}" outcome="Error" timestamp="2026-09-24T04:17:15.8300644-03:00">
        <Text>[xUnit.net 00:00:00.12]     FM-3: a negative amount is rejected as a validation error [FAIL]</Text>
      </RunInfo>
    </RunInfos>
  </ResultSummary>
</TestRun>