<?xml version="1.0" encoding="utf-8"?>
<TestRun id="8ee523a3-8a59-4004-a92a-9567c24c906e" name="@omarchy 2026-09-23 22:21:20" xmlns="http://microsoft.com/schemas/VisualStudio/TeamTest/2010">
  <Times creation="2026-09-23T22:21:20.0787817-03:00" queuing="2026-09-23T22:21:20.0787818-03:00" start="2026-09-23T22:21:18.9700897-03:00" finish="2026-09-23T22:21:20.0825903-03:00" />
  <TestSettings name="default" id="0efaa271-316f-40ad-9f17-41d00edd8738">
    <Deployment runDeploymentRoot="_omarchy_2026-09-23_22_21_20" />
  </TestSettings>
  <Results>
    <UnitTestResult executionId="12302c8d-ecdc-4405-997d-ee002e430bf4" testId="445a8336-9eb4-c0e2-8c64-70e1931717f9" testName="FM-1: a withdrawal is reflected by the next balance read" computerName="omarchy" duration="00:00:00.0162035" startTime="2026-09-23T22:21:19.9630993-03:00" endTime="2026-09-23T22:21:19.9794361-03:00" testType="13cdc9d9-ddb5-4fa4-a97d-d965ccfc6d4b" outcome="Passed" testListId="8c84fa94-04c1-424b-9868-57a2d4851a1d" relativeResultsDirectory="12302c8d-ecdc-4405-997d-ee002e430bf4" />
    <UnitTestResult executionId="d54f0b6a-8d00-4a08-9ecc-ec1d67ad4564" testId="d3726388-1d24-a53f-4c55-25759774781f" testName="FM-4: a missing wallet answers 404" computerName="omarchy" duration="00:00:00.0297998" startTime="2026-09-23T22:21:19.9123821-03:00" endTime="2026-09-23T22:21:19.9358140-03:00" testType="13cdc9d9-ddb5-4fa4-a97d-d965ccfc6d4b" outcome="Passed" testListId="8c84fa94-04c1-424b-9868-57a2d4851a1d" relativeResultsDirectory="d54f0b6a-8d00-4a08-9ecc-ec1d67ad4564" />
    <UnitTestResult executionId="c2deab78-f3e7-4476-b5bb-8e00d2771c0d" testId="e3edbb30-2a95-daf2-47fd-b436b16fda1c" testName="FM-2: overdrawing answers 422 and leaves the balance untouched" computerName="omarchy" duration="00:00:00.0145781" startTime="2026-09-23T22:21:19.9482539-03:00" endTime="2026-09-23T22:21:19.9629204-03:00" testType="13cdc9d9-ddb5-4fa4-a97d-d965ccfc6d4b" outcome="Passed" testListId="8c84fa94-04c1-424b-9868-57a2d4851a1d" relativeResultsDirectory="c2deab78-f3e7-4476-b5bb-8e00d2771c0d" />
    <UnitTestResult executionId="1483f2cc-97fc-4f9d-bc37-ac0981097404" testId="3c4f35f6-7b88-ebda-db01-74ee23abe957" testName="FM-5: a retry with the same Idempotency-Key debits once" computerName="omarchy" duration="00:00:00.5158591" startTime="2026-09-23T22:21:19.3850611-03:00" endTime="2026-09-23T22:21:19.9050982-03:00" testType="13cdc9d9-ddb5-4fa4-a97d-d965ccfc6d4b" outcome="Passed" testListId="8c84fa94-04c1-424b-9868-57a2d4851a1d" relativeResultsDirectory="1483f2cc-97fc-4f9d-bc37-ac0981097404" />
    <UnitTestResult executionId="b2344748-6188-4c57-b9db-dead5112d87c" testId="325f1266-9b16-9cf4-ad6c-df2daf445989" testName="FM-3: a negative amount answers 400 with an amount field error" computerName="omarchy" duration="00:00:00.0120318" startTime="2026-09-23T22:21:19.9364466-03:00" endTime="2026-09-23T22:21:19.9480826-03:00" testType="13cdc9d9-ddb5-4fa4-a97d-d965ccfc6d4b" outcome="Passed" testListId="8c84fa94-04c1-424b-9868-57a2d4851a1d" relativeResultsDirectory="b2344748-6188-4c57-b9db-dead5112d87c" />
  </Results>
  <TestDefinitions>
    <UnitTest name="FM-2: overdrawing answers 422 and leaves the balance untouched" storage="/home/lucasrgt/projects/skies/.claude/worktrees/agent-aa4530c7e155b090d/examples/sample-app/backend/sample.tests/bin/debug/net10.0/sample.tests.dll" id="e3edbb30-2a95-daf2-47fd-b436b16fda1c">
      <Execution id="c2deab78-f3e7-4476-b5bb-8e00d2771c0d" />
      <TestMethod codeBase="/home/lucasrgt/Projects/skies/.claude/worktrees/agent-aa4530c7e155b090d/examples/sample-app/backend/Sample.Tests/bin/Debug/net10.0/Sample.Tests.dll" adapterTypeName="executor://xunit/VsTestRunner3/netcore/" className="Specs.S0002.WithdrawSpec" name="Overdraw_is_refused" />
    </UnitTest>
    <UnitTest name="FM-3: a negative amount answers 400 with an amount field error" storage="/home/lucasrgt/projects/skies/.claude/worktrees/agent-aa4530c7e155b090d/examples/sample-app/backend/sample.tests/bin/debug/net10.0/sample.tests.dll" id="325f1266-9b16-9cf4-ad6c-df2daf445989">
      <Execution id="b2344748-6188-4c57-b9db-dead5112d87c" />
      <TestMethod codeBase="/home/lucasrgt/Projects/skies/.claude/worktrees/agent-aa4530c7e155b090d/examples/sample-app/backend/Sample.Tests/bin/Debug/net10.0/Sample.Tests.dll" adapterTypeName="executor://xunit/VsTestRunner3/netcore/" className="Specs.S0002.WithdrawSpec" name="Negative_amount_is_rejected" />
    </UnitTest>
    <UnitTest name="FM-1: a withdrawal is reflected by the next balance read" storage="/home/lucasrgt/projects/skies/.claude/worktrees/agent-aa4530c7e155b090d/examples/sample-app/backend/sample.tests/bin/debug/net10.0/sample.tests.dll" id="445a8336-9eb4-c0e2-8c64-70e1931717f9">
      <Execution id="12302c8d-ecdc-4405-997d-ee002e430bf4" />
      <TestMethod codeBase="/home/lucasrgt/Projects/skies/.claude/worktrees/agent-aa4530c7e155b090d/examples/sample-app/backend/Sample.Tests/bin/Debug/net10.0/Sample.Tests.dll" adapterTypeName="executor://xunit/VsTestRunner3/netcore/" className="Specs.S0002.WithdrawSpec" name="Withdrawal_is_reflected_by_the_balance" />
    </UnitTest>
    <UnitTest name="FM-5: a retry with the same Idempotency-Key debits once" storage="/home/lucasrgt/projects/skies/.claude/worktrees/agent-aa4530c7e155b090d/examples/sample-app/backend/sample.tests/bin/debug/net10.0/sample.tests.dll" id="3c4f35f6-7b88-ebda-db01-74ee23abe957">
      <Execution id="1483f2cc-97fc-4f9d-bc37-ac0981097404" />
      <TestMethod codeBase="/home/lucasrgt/Projects/skies/.claude/worktrees/agent-aa4530c7e155b090d/examples/sample-app/backend/Sample.Tests/bin/Debug/net10.0/Sample.Tests.dll" adapterTypeName="executor://xunit/VsTestRunner3/netcore/" className="Specs.S0002.WithdrawSpec" name="Same_key_debits_once" />
    </UnitTest>
    <UnitTest name="FM-4: a missing wallet answers 404" storage="/home/lucasrgt/projects/skies/.claude/worktrees/agent-aa4530c7e155b090d/examples/sample-app/backend/sample.tests/bin/debug/net10.0/sample.tests.dll" id="d3726388-1d24-a53f-4c55-25759774781f">
      <Execution id="d54f0b6a-8d00-4a08-9ecc-ec1d67ad4564" />
      <TestMethod codeBase="/home/lucasrgt/Projects/skies/.claude/worktrees/agent-aa4530c7e155b090d/examples/sample-app/backend/Sample.Tests/bin/Debug/net10.0/Sample.Tests.dll" adapterTypeName="executor://xunit/VsTestRunner3/netcore/" className="Specs.S0002.WithdrawSpec" name="Missing_wallet_is_not_found" />
    </UnitTest>
  </TestDefinitions>
  <TestEntries>
    <TestEntry testId="445a8336-9eb4-c0e2-8c64-70e1931717f9" executionId="12302c8d-ecdc-4405-997d-ee002e430bf4" testListId="8c84fa94-04c1-424b-9868-57a2d4851a1d" />
    <TestEntry testId="d3726388-1d24-a53f-4c55-25759774781f" executionId="d54f0b6a-8d00-4a08-9ecc-ec1d67ad4564" testListId="8c84fa94-04c1-424b-9868-57a2d4851a1d" />
    <TestEntry testId="e3edbb30-2a95-daf2-47fd-b436b16fda1c" executionId="c2deab78-f3e7-4476-b5bb-8e00d2771c0d" testListId="8c84fa94-04c1-424b-9868-57a2d4851a1d" />
    <TestEntry testId="3c4f35f6-7b88-ebda-db01-74ee23abe957" executionId="1483f2cc-97fc-4f9d-bc37-ac0981097404" testListId="8c84fa94-04c1-424b-9868-57a2d4851a1d" />
    <TestEntry testId="325f1266-9b16-9cf4-ad6c-df2daf445989" executionId="b2344748-6188-4c57-b9db-dead5112d87c" testListId="8c84fa94-04c1-424b-9868-57a2d4851a1d" />
  </TestEntries>
  <TestLists>
    <TestList name="Results Not in a List" id="8c84fa94-04c1-424b-9868-57a2d4851a1d" />
    <TestList name="All Loaded Results" id="19431567-8539-422a-85d7-44ee4e166bda" />
  </TestLists>
  <ResultSummary outcome="Completed">
    <Counters total="5" executed="5" passed="5" failed="0" error="0" timeout="0" aborted="0" inconclusive="0" passedButRunAborted="0" notRunnable="0" notExecuted="0" disconnected="0" warning="0" completed="0" inProgress="0" pending="0" />
    <Output>
      <StdOut>[xUnit.net 00:00:00.00] xUnit.net VSTest Adapter v3.1.4+50e68bbb8b (64-bit .NET 10.0.12)
[xUnit.net 00:00:00.05]   Discovering: Sample.Tests
[xUnit.net 00:00:00.07]   Discovered:  Sample.Tests
[xUnit.net 00:00:00.09]   Starting:    Sample.Tests
info: Microsoft.EntityFrameworkCore.Update[30100]
      Saved 1 entities to in-memory store.
info: Microsoft.Hosting.Lifetime[0]
      Application started. Press Ctrl+C to shut down.
info: Microsoft.Hosting.Lifetime[0]
      Hosting environment: Development
info: Microsoft.Hosting.Lifetime[0]
      Content root path: /home/lucasrgt/Projects/skies/.claude/worktrees/agent-aa4530c7e155b090d/examples/sample-app/backend/Sample.Api
info: Microsoft.EntityFrameworkCore.Update[30100]
      Saved 1 entities to in-memory store.
info: Microsoft.EntityFrameworkCore.Update[30100]
      Saved 1 entities to in-memory store.
info: Microsoft.Hosting.Lifetime[0]
      Application is shutting down...
info: Microsoft.EntityFrameworkCore.Update[30100]
      Saved 1 entities to in-memory store.
info: Microsoft.Hosting.Lifetime[0]
      Application started. Press Ctrl+C to shut down.
info: Microsoft.Hosting.Lifetime[0]
      Hosting environment: Development
info: Microsoft.Hosting.Lifetime[0]
      Content root path: /home/lucasrgt/Projects/skies/.claude/worktrees/agent-aa4530c7e155b090d/examples/sample-app/backend/Sample.Api
info: Microsoft.Hosting.Lifetime[0]
      Application is shutting down...
info: Microsoft.EntityFrameworkCore.Update[30100]
      Saved 1 entities to in-memory store.
info: Microsoft.Hosting.Lifetime[0]
      Application started. Press Ctrl+C to shut down.
info: Microsoft.Hosting.Lifetime[0]
      Hosting environment: Development
info: Microsoft.Hosting.Lifetime[0]
      Content root path: /home/lucasrgt/Projects/skies/.claude/worktrees/agent-aa4530c7e155b090d/examples/sample-app/backend/Sample.Api
info: Microsoft.Hosting.Lifetime[0]
      Application is shutting down...
info: Microsoft.EntityFrameworkCore.Update[30100]
      Saved 1 entities to in-memory store.
info: Microsoft.Hosting.Lifetime[0]
      Application started. Press Ctrl+C to shut down.
info: Microsoft.Hosting.Lifetime[0]
      Hosting environment: Development
info: Microsoft.Hosting.Lifetime[0]
      Content root path: /home/lucasrgt/Projects/skies/.claude/worktrees/agent-aa4530c7e155b090d/examples/sample-app/backend/Sample.Api
info: Microsoft.EntityFrameworkCore.Update[30100]
      Saved 1 entities to in-memory store.
info: Microsoft.Hosting.Lifetime[0]
      Application is shutting down...
info: Microsoft.EntityFrameworkCore.Update[30100]
      Saved 1 entities to in-memory store.
info: Microsoft.Hosting.Lifetime[0]
      Application started. Press Ctrl+C to shut down.
info: Microsoft.Hosting.Lifetime[0]
      Hosting environment: Development
info: Microsoft.Hosting.Lifetime[0]
      Content root path: /home/lucasrgt/Projects/skies/.claude/worktrees/agent-aa4530c7e155b090d/examples/sample-app/backend/Sample.Api
info: Microsoft.EntityFrameworkCore.Update[30100]
      Saved 1 entities to in-memory store.
info: Microsoft.EntityFrameworkCore.Update[30100]
      Saved 1 entities to in-memory store.
info: Microsoft.Hosting.Lifetime[0]
      Application is shutting down...
[xUnit.net 00:00:00.71]   Finished:    Sample.Tests
</StdOut>
    </Output>
  </ResultSummary>
</TestRun>